╭───────────────────────────────────────────────────────────────────────────────────────────────────────────────────────────────────────────────────────────────────────────────────────────────────────────────────────────────────────────────────╮
│ ⚡ Maxwell Protocol — Simulation Mode                                                                                                                                                                                                             │
╰───────────────────────────────────────────────────────────────────────────────────────────────────────── Phase 4 · 2 workers · 7B params ─────────────────────────────────────────────────────────────────────────────────────────────────────────╯
                      ⚡ Maxwell Protocol                       
╭──────────────────────────────────┬────────────────┬──────────╮
│ Metric                           │          Value │    Share │
├──────────────────────────────────┼────────────────┼──────────┤
│ Total Requests                   │             43 │          │
│ QPS                              │           10.1 │          │
│ ─── Pruning Funnel ─────         │                │          │
│   L1 Bloom Blocked               │              6 │    24.0% │
│   L2 Regex Blocked               │              7 │    28.0% │
│   L3 Entropy Blocked             │              7 │    28.0% │
│   L4 Oracle (FLOPs) Blocked      │              0 │     0.0% │
│   L5 Repetition Blocked          │              5 │    20.0% │
│   Circuit Breaker Blocked        │              0 │     0.0% │
│   Passed → Engine                │             18 │    41.9% │
│ ─── Oracle & System ────         │                │          │
│   Total FLOPs Metered            │   20.15 TFLOPs │          │
│   Circuit Breaker                │       ■ CLOSED │          │
│   Engine Load                    │           9.0% │          │
│   Pruning Rate                   │         58.14% │          │
│   Entropy Threshold              │     [1.0, 4.5] │          │
│   Active Streams                 │              9 │          │
│   Uptime                         │           4.3s │          │
╰──────────────────────────────────┴────────────────┴──────────╯
Shutting down…
✅ Maxwell stopped.
